<?xml version="1.0" encoding="UTF-8"?>
<!-- Generated by org.testng.reporters.JUnitReportReporter -->
<testsuite skipped="0" hostname="DESKTOP-ESATMPN" name="WebDriverManager.WebDriverManagerTest" tests="1" failures="0" timestamp="01 Nov 2018 23:24:27 GMT" time="51.468" errors="0">
  <testcase name="WebDriverManagerSetup" time="51.468" classname="WebDriverManager.WebDriverManagerTest"/>
</testsuite> <!-- WebDriverManager.WebDriverManagerTest -->
